<?xml version="1.0" encoding="UTF-8"?>
<testsuite name="org.example.AppTest" tests="1" skipped="0" failures="0" errors="0" timestamp="2025-06-14T04:25:53.992Z" hostname="michelleon-Aspire-A515-54" time="0.003">
  <properties/>
  <testcase name="appHasAGreeting" classname="org.example.AppTest" time="0.003"/>
  <system-out><![CDATA[]]></system-out>
  <system-err><![CDATA[]]></system-err>
</testsuite>
